2023/03/16 13:04:55 anonymous - begin serialize 
 2023/03/16 13:04:56 anonymous - end serialize  | costtime=1143ms 
 2023/03/16 13:04:56 anonymous - begin write to net 
 2023/03/16 13:04:56 anonymous - end write to net size=1225  | costtime=1ms 
 2023/03/16 13:04:56 anonymous - begin read from net 
 2023/03/16 13:06:21 anonymous - begin serialize 
 2023/03/16 13:06:22 anonymous - end serialize  | costtime=1375ms 
 2023/03/16 13:06:22 anonymous - begin write to net 
 2023/03/16 13:06:22 anonymous - end write to net size=1225  | costtime=0ms 
 2023/03/16 13:06:22 anonymous - begin read from net 
 2023/03/16 13:07:11 anonymous - begin serialize 
 2023/03/16 13:07:12 anonymous - end serialize  | costtime=1151ms 
 2023/03/16 13:07:12 anonymous - begin write to net 
 2023/03/16 13:07:12 anonymous - end write to net size=1225  | costtime=0ms 
 2023/03/16 13:07:12 anonymous - begin read from net 
 2023/03/16 13:09:12 anonymous - end read from net size=-1  | costtime=120079ms 
 2023/03/19 17:07:55 anonymous - begin serialize 
 2023/03/19 17:07:56 anonymous - end serialize  | costtime=1289ms 
 2023/03/19 17:07:56 anonymous - begin write to net 
 2023/03/19 17:07:56 anonymous - end write to net size=249  | costtime=0ms 
 2023/03/19 17:07:56 anonymous - begin read from net 
 2023/03/19 17:09:57 anonymous - end read from net size=-1  | costtime=120840ms 
 2023/03/19 17:10:52 anonymous - begin serialize 
 2023/03/19 17:10:54 anonymous - end serialize  | costtime=2383ms 
 2023/03/19 17:10:54 anonymous - begin write to net 
 2023/03/19 17:10:54 anonymous - end write to net size=249  | costtime=0ms 
 2023/03/19 17:10:54 anonymous - begin read from net 
 2023/03/19 17:12:56 anonymous - end read from net size=-1  | costtime=121106ms 
 2023/03/19 17:14:38 anonymous - begin serialize 
 2023/03/19 17:14:40 anonymous - end serialize  | costtime=1494ms 
 2023/03/19 17:14:40 anonymous - begin write to net 
 2023/03/19 17:14:40 anonymous - end write to net size=249  | costtime=0ms 
 2023/03/19 17:14:40 anonymous - begin read from net 
 2023/03/19 17:16:41 anonymous - end read from net size=-1  | costtime=121312ms 
 2023/03/19 17:17:36 anonymous - begin serialize 
 2023/03/19 17:17:38 anonymous - end serialize  | costtime=1277ms 
 2023/03/19 17:17:38 anonymous - begin write to net 
 2023/03/19 17:17:38 anonymous - end write to net size=249  | costtime=1ms 
 2023/03/19 17:17:38 anonymous - begin read from net 
 2023/03/19 17:18:42 anonymous - begin serialize 
 2023/03/19 17:18:43 anonymous - end serialize  | costtime=1297ms 
 2023/03/19 17:18:43 anonymous - begin write to net 
 2023/03/19 17:18:43 anonymous - end write to net size=249  | costtime=0ms 
 2023/03/19 17:18:43 anonymous - begin read from net 
 2023/03/19 17:18:47 anonymous - end read from net size=-1  | costtime=3048ms 
 2023/03/19 17:19:13 anonymous - begin serialize 
 2023/03/19 17:19:14 anonymous - end serialize  | costtime=1311ms 
 2023/03/19 17:19:14 anonymous - begin write to net 
 2023/03/19 17:19:14 anonymous - end write to net size=249  | costtime=0ms 
 2023/03/19 17:19:14 anonymous - begin read from net 
 2023/03/19 17:21:15 anonymous - end read from net size=-1  | costtime=121490ms 
 2023/03/20 09:27:05 anonymous - begin serialize 
 2023/03/20 09:27:06 anonymous - end serialize  | costtime=1129ms 
 2023/03/20 09:27:06 anonymous - begin write to net 
 2023/03/20 09:27:06 anonymous - end write to net size=249  | costtime=0ms 
 2023/03/20 09:27:06 anonymous - begin read from net 
 2023/03/20 09:29:08 anonymous - end read from net size=-1  | costtime=122044ms 
 2023/03/20 09:51:13 anonymous - begin serialize 
 2023/03/20 09:51:14 anonymous - end serialize  | costtime=1260ms 
 2023/03/20 09:51:14 anonymous - begin write to net 
 2023/03/20 09:51:14 anonymous - end write to net size=249  | costtime=0ms 
 2023/03/20 09:51:14 anonymous - begin read from net 
 2023/03/20 09:51:49 anonymous - begin serialize 
 2023/03/20 09:51:50 anonymous - end serialize  | costtime=1272ms 
 2023/03/20 09:51:50 anonymous - begin write to net 
 2023/03/20 09:51:50 anonymous - end write to net size=249  | costtime=0ms 
 2023/03/20 09:51:50 anonymous - begin read from net 
 